<?xml version="1.0" encoding="UTF-8"?>
<testsuite xmlns:xsi="http://www.w3.org/2001/XMLSchema-instance" xsi:noNamespaceSchemaLocation="https://maven.apache.org/surefire/maven-surefire-plugin/xsd/surefire-test-report-3.0.xsd" version="3.0" name="com.gov.security.unit.PasswordEncoderUnitTest" time="0.873" tests="6" errors="0" skipped="0" failures="0">
  <properties>
[...]
</properties>
  <testcase name="encodedPasswordIsNotEqualToRawPassword" classname="com.gov.security.unit.PasswordEncoderUnitTest" time="0.137"/>
  <testcase name="matchesReturnsFalseForEmptyPassword" classname="com.gov.security.unit.PasswordEncoderUnitTest" time="0.161"/>
  <testcase name="matchesReturnsFalseForWrongPassword" classname="com.gov.security.unit.PasswordEncoderUnitTest" time="0.128"/>
  <testcase name="samePasswordProducesDifferentHashes" classname="com.gov.security.unit.PasswordEncoderUnitTest" time="0.252"/>
  <testcase name="matchesReturnsTrueForCorrectPassword" classname="com.gov.security.unit.PasswordEncoderUnitTest" time="0.126"/>
  <testcase name="encodedPasswordStartsWithBcryptPrefix" classname="com.gov.security.unit.PasswordEncoderUnitTest" time="0.064"/>
</testsuite>