<?xml version="1.0" encoding="UTF-8"?>
<testsuite xmlns:xsi="http://www.w3.org/2001/XMLSchema-instance" xsi:noNamespaceSchemaLocation="https://maven.apache.org/surefire/maven-surefire-plugin/xsd/surefire-test-report-3.0.xsd" version="3.0" name="com.gov.security.property.RegistrationPropertyTest" time="7.019" tests="5" errors="0" skipped="0" failures="0">
  <properties>
[...]
</properties>
  <testcase name="weakPasswordThrowsExceptionOnRegister" classname="com.gov.security.property.RegistrationPropertyTest" time="0.163">
    <system-out><![CDATA[timestamp = 2026-04-06T23:08:45.624461100, RegistrationPropertyTest:weakPasswordThrowsExceptionOnRegister = 
                              |-----------------------jqwik-----------------------
tries = 100                   | # of calls to property
checks = 100                  | # of not rejected calls
generation = RANDOMIZED       | parameters are randomly generated
after-failure = SAMPLE_FIRST  | try previously failed sample, then previous seed
when-fixed-seed = ALLOW       | fixing the random seed is allowed
edge-cases#mode = MIXIN       | edge cases are mixed in
edge-cases#total = 2          | # of all combined edge cases
edge-cases#tried = 2          | # of edge cases tried in current run
seed = -8260469896331634248   | random seed to reproduce generated values


]]></system-out>
  </testcase>
  <testcase name="lettersOnlyPasswordIsRejected" classname="com.gov.security.property.RegistrationPropertyTest" time="0.007">
    <system-out><![CDATA[timestamp = 2026-04-06T23:08:45.631473300, RegistrationPropertyTest:lettersOnlyPasswordIsRejected = 
                              |-----------------------jqwik-----------------------
tries = 100                   | # of calls to property
checks = 100                  | # of not rejected calls
generation = RANDOMIZED       | parameters are randomly generated
after-failure = SAMPLE_FIRST  | try previously failed sample, then previous seed
when-fixed-seed = ALLOW       | fixing the random seed is allowed
edge-cases#mode = MIXIN       | edge cases are mixed in
edge-cases#total = 2          | # of all combined edge cases
edge-cases#tried = 2          | # of edge cases tried in current run
seed = -7606689596550102487   | random seed to reproduce generated values


]]></system-out>
  </testcase>
  <testcase name="registeredUserHasRoleCitizen" classname="com.gov.security.property.RegistrationPropertyTest" time="6.837">
    <system-out><![CDATA[23:08:45.710 [main] INFO com.gov.security.service.UserService -- 用户注册成功: username=pznrirnv
23:08:45.781 [main] INFO com.gov.security.service.UserService -- 用户注册成功: username=djkobibwogltzbgc
23:08:45.849 [main] INFO com.gov.security.service.UserService -- 用户注册成功: username=njnktuct
23:08:45.915 [main] INFO com.gov.security.service.UserService -- 用户注册成功: username=vcbxyhudkeens
23:08:45.982 [main] INFO com.gov.security.service.UserService -- 用户注册成功: username=imuxxkkxmy
23:08:46.054 [main] INFO com.gov.security.service.UserService -- 用户注册成功: username=qhacuvywjnqjz
23:08:46.121 [main] INFO com.gov.security.service.UserService -- 用户注册成功: username=gneybhe
23:08:46.189 [main] INFO com.gov.security.service.UserService -- 用户注册成功: username=fxnakkijse
23:08:46.254 [main] INFO com.gov.security.service.UserService -- 用户注册成功: username=zbckqe
23:08:46.319 [main] INFO com.gov.security.service.UserService -- 用户注册成功: username=kkkmtsr
23:08:46.386 [main] INFO com.gov.security.service.UserService -- 用户注册成功: username=cdssbnbj
23:08:46.450 [main] INFO com.gov.security.service.UserService -- 用户注册成功: username=gflijkvp
23:08:46.516 [main] INFO com.gov.security.service.UserService -- 用户注册成功: username=fhukshppwu
23:08:46.582 [main] INFO com.gov.security.service.UserService -- 用户注册成功: username=hvtiid
23:08:46.646 [main] INFO com.gov.security.service.UserService -- 用户注册成功: username=pzkdnxwhvlvry
23:08:46.713 [main] INFO com.gov.security.service.UserService -- 用户注册成功: username=bfducemnxtcjp
23:08:46.777 [main] INFO com.gov.security.service.UserService -- 用户注册成功: username=zyaapzpbbxor
23:08:46.843 [main] INFO com.gov.security.service.UserService -- 用户注册成功: username=kjmqxr
23:08:46.909 [main] INFO com.gov.security.service.UserService -- 用户注册成功: username=vgkukqzcj
23:08:46.975 [main] INFO com.gov.security.service.UserService -- 用户注册成功: username=qjfwwg
23:08:47.045 [main] INFO com.gov.security.service.UserService -- 用户注册成功: username=ezt
23:08:47.126 [main] INFO com.gov.security.service.UserService -- 用户注册成功: username=mdcrhmmhw
23:08:47.192 [main] INFO com.gov.security.service.UserService -- 用户注册成功: username=gptopxzvaoynytesb
23:08:47.260 [main] INFO com.gov.security.service.UserService -- 用户注册成功: username=wpfwnfn
23:08:47.326 [main] INFO com.gov.security.service.UserService -- 用户注册成功: username=yvjkyaobuzc
23:08:47.392 [main] INFO com.gov.security.service.UserService -- 用户注册成功: username=vkubfgjwvitsemrrpnmt
23:08:47.466 [main] INFO com.gov.security.service.UserService -- 用户注册成功: username=zzz
23:08:47.533 [main] INFO com.gov.security.service.UserService -- 用户注册成功: username=edhwgzm
23:08:47.600 [main] INFO com.gov.security.service.UserService -- 用户注册成功: username=eheesmsgo
23:08:47.675 [main] INFO com.gov.security.service.UserService -- 用户注册成功: username=ufwhvmsei
23:08:47.741 [main] INFO com.gov.security.service.UserService -- 用户注册成功: username=plgiaekus
23:08:47.807 [main] INFO com.gov.security.service.UserService -- 用户注册成功: username=fxzkiw
23:08:47.879 [main] INFO com.gov.security.service.UserService -- 用户注册成功: username=omyiusgkw
23:08:47.952 [main] INFO com.gov.security.service.UserService -- 用户注册成功: username=wltembsccfv
23:08:48.021 [main] INFO com.gov.security.service.UserService -- 用户注册成功: username=jaryt
23:08:48.088 [main] INFO com.gov.security.service.UserService -- 用户注册成功: username=wvzmkyclckxukehqgt
23:08:48.154 [main] INFO com.gov.security.service.UserService -- 用户注册成功: username=roupzvql
23:08:48.227 [main] INFO com.gov.security.service.UserService -- 用户注册成功: username=cwgbkjdfp
23:08:48.296 [main] INFO com.gov.security.service.UserService -- 用户注册成功: username=wmjocombzaxa
23:08:48.361 [main] INFO com.gov.security.service.UserService -- 用户注册成功: username=cnkvexmwkau
23:08:48.432 [main] INFO com.gov.security.service.UserService -- 用户注册成功: username=nynahhgqtgz
23:08:48.547 [main] INFO com.gov.security.service.UserService -- 用户注册成功: username=zzz
23:08:48.616 [main] INFO com.gov.security.service.UserService -- 用户注册成功: username=sgcjfixnoiboxxlnx
23:08:48.686 [main] INFO com.gov.security.service.UserService -- 用户注册成功: username=lvoocwwt
23:08:48.757 [main] INFO com.gov.security.service.UserService -- 用户注册成功: username=mozjgq
23:08:48.830 [main] INFO com.gov.security.service.UserService -- 用户注册成功: username=tmwlqckdheobvirgzjau
23:08:48.901 [main] INFO com.gov.security.service.UserService -- 用户注册成功: username=ruapioprwanxv
23:08:48.975 [main] INFO com.gov.security.service.UserService -- 用户注册成功: username=bwsabp
23:08:49.052 [main] INFO com.gov.security.service.UserService -- 用户注册成功: username=zkxjxbydi
23:08:49.122 [main] INFO com.gov.security.service.UserService -- 用户注册成功: username=svzag
23:08:49.185 [main] INFO com.gov.security.service.UserService -- 用户注册成功: username=bnowkys
23:08:49.249 [main] INFO com.gov.security.service.UserService -- 用户注册成功: username=wvuyfbfub
23:08:49.322 [main] INFO com.gov.security.service.UserService -- 用户注册成功: username=ojhxpotkosk
23:08:49.388 [main] INFO com.gov.security.service.UserService -- 用户注册成功: username=blzzmtmtfejox
23:08:49.455 [main] INFO com.gov.security.service.UserService -- 用户注册成功: username=edgmvh
23:08:49.519 [main] INFO com.gov.security.service.UserService -- 用户注册成功: username=pacr
23:08:49.587 [main] INFO com.gov.security.service.UserService -- 用户注册成功: username=klsr
23:08:49.657 [main] INFO com.gov.security.service.UserService -- 用户注册成功: username=cshdcglyeoqdlxvps
23:08:49.721 [main] INFO com.gov.security.service.UserService -- 用户注册成功: username=wfueqgvvpey
23:08:49.787 [main] INFO com.gov.security.service.UserService -- 用户注册成功: username=mxg
23:08:49.852 [main] INFO com.gov.security.service.UserService -- 用户注册成功: username=yfh
23:08:49.917 [main] INFO com.gov.security.service.UserService -- 用户注册成功: username=zzz
23:08:49.980 [main] INFO com.gov.security.service.UserService -- 用户注册成功: username=sywdq
23:08:50.058 [main] INFO com.gov.security.service.UserService -- 用户注册成功: username=rksbm
23:08:50.123 [main] INFO com.gov.security.service.UserService -- 用户注册成功: username=ryng
23:08:50.190 [main] INFO com.gov.security.service.UserService -- 用户注册成功: username=hlpziyyjbz
23:08:50.255 [main] INFO com.gov.security.service.UserService -- 用户注册成功: username=gqk
23:08:50.320 [main] INFO com.gov.security.service.UserService -- 用户注册成功: username=sttopzbmfnj
23:08:50.386 [main] INFO com.gov.security.service.UserService -- 用户注册成功: username=aaa
23:08:50.451 [main] INFO com.gov.security.service.UserService -- 用户注册成功: username=gyebcufn
23:08:50.517 [main] INFO com.gov.security.service.UserService -- 用户注册成功: username=lkeuwcyyqztjtfdv
23:08:50.582 [main] INFO com.gov.security.service.UserService -- 用户注册成功: username=urylecokxaaym
23:08:50.646 [main] INFO com.gov.security.service.UserService -- 用户注册成功: username=qjzalsyqfvcv
23:08:50.710 [main] INFO com.gov.security.service.UserService -- 用户注册成功: username=lqlzvps
23:08:50.773 [main] INFO com.gov.security.service.UserService -- 用户注册成功: username=ktasxaarff
23:08:50.842 [main] INFO com.gov.security.service.UserService -- 用户注册成功: username=aaa
23:08:50.905 [main] INFO com.gov.security.service.UserService -- 用户注册成功: username=vocakjm
23:08:50.973 [main] INFO com.gov.security.service.UserService -- 用户注册成功: username=xjhwztfyf
23:08:51.036 [main] INFO com.gov.security.service.UserService -- 用户注册成功: username=mtplpm
23:08:51.100 [main] INFO com.gov.security.service.UserService -- 用户注册成功: username=mnyhwvj
23:08:51.164 [main] INFO com.gov.security.service.UserService -- 用户注册成功: username=kauf
23:08:51.236 [main] INFO com.gov.security.service.UserService -- 用户注册成功: username=nzosmlsgg
23:08:51.302 [main] INFO com.gov.security.service.UserService -- 用户注册成功: username=jroiznvbdyedq
23:08:51.371 [main] INFO com.gov.security.service.UserService -- 用户注册成功: username=nqdgakwew
23:08:51.438 [main] INFO com.gov.security.service.UserService -- 用户注册成功: username=esj
23:08:51.529 [main] INFO com.gov.security.service.UserService -- 用户注册成功: username=ubbrrqxqhqm
23:08:51.596 [main] INFO com.gov.security.service.UserService -- 用户注册成功: username=cmapi
23:08:51.661 [main] INFO com.gov.security.service.UserService -- 用户注册成功: username=jrlphcjrd
23:08:51.728 [main] INFO com.gov.security.service.UserService -- 用户注册成功: username=htlneyljr
23:08:51.795 [main] INFO com.gov.security.service.UserService -- 用户注册成功: username=vxoiqjr
23:08:51.863 [main] INFO com.gov.security.service.UserService -- 用户注册成功: username=nrdktqbbsrp
23:08:51.932 [main] INFO com.gov.security.service.UserService -- 用户注册成功: username=orhbgiwopkggvxpl
23:08:52.001 [main] INFO com.gov.security.service.UserService -- 用户注册成功: username=pxqwzq
23:08:52.066 [main] INFO com.gov.security.service.UserService -- 用户注册成功: username=igfxk
23:08:52.132 [main] INFO com.gov.security.service.UserService -- 用户注册成功: username=fszduxavtdq
23:08:52.199 [main] INFO com.gov.security.service.UserService -- 用户注册成功: username=jnrso
23:08:52.270 [main] INFO com.gov.security.service.UserService -- 用户注册成功: username=shezctubnaluhxzsook
23:08:52.336 [main] INFO com.gov.security.service.UserService -- 用户注册成功: username=pzefoarotczschj
23:08:52.402 [main] INFO com.gov.security.service.UserService -- 用户注册成功: username=wugbd
23:08:52.468 [main] INFO com.gov.security.service.UserService -- 用户注册成功: username=fopyl
timestamp = 2026-04-06T23:08:52.469334, RegistrationPropertyTest:registeredUserHasRoleCitizen = 
                              |-----------------------jqwik-----------------------
tries = 100                   | # of calls to property
checks = 100                  | # of not rejected calls
generation = RANDOMIZED       | parameters are randomly generated
after-failure = SAMPLE_FIRST  | try previously failed sample, then previous seed
when-fixed-seed = ALLOW       | fixing the random seed is allowed
edge-cases#mode = MIXIN       | edge cases are mixed in
edge-cases#total = 4          | # of all combined edge cases
edge-cases#tried = 1          | # of edge cases tried in current run
seed = -1148162811469073360   | random seed to reproduce generated values


]]></system-out>
  </testcase>
  <testcase name="digitsOnlyPasswordIsRejected" classname="com.gov.security.property.RegistrationPropertyTest" time="0.003">
    <system-out><![CDATA[timestamp = 2026-04-06T23:08:52.473342200, RegistrationPropertyTest:digitsOnlyPasswordIsRejected = 
                              |-----------------------jqwik-----------------------
tries = 100                   | # of calls to property
checks = 100                  | # of not rejected calls
generation = RANDOMIZED       | parameters are randomly generated
after-failure = SAMPLE_FIRST  | try previously failed sample, then previous seed
when-fixed-seed = ALLOW       | fixing the random seed is allowed
edge-cases#mode = MIXIN       | edge cases are mixed in
edge-cases#total = 2          | # of all combined edge cases
edge-cases#tried = 2          | # of edge cases tried in current run
seed = 4798267765987815205    | random seed to reproduce generated values


]]></system-out>
  </testcase>
  <testcase name="tooShortPasswordIsRejected" classname="com.gov.security.property.RegistrationPropertyTest" time="0.006">
    <system-out><![CDATA[timestamp = 2026-04-06T23:08:52.479788, RegistrationPropertyTest:tooShortPasswordIsRejected = 
                              |-----------------------jqwik-----------------------
tries = 100                   | # of calls to property
checks = 100                  | # of not rejected calls
generation = RANDOMIZED       | parameters are randomly generated
after-failure = SAMPLE_FIRST  | try previously failed sample, then previous seed
when-fixed-seed = ALLOW       | fixing the random seed is allowed
edge-cases#mode = MIXIN       | edge cases are mixed in
edge-cases#total = 2          | # of all combined edge cases
edge-cases#tried = 2          | # of edge cases tried in current run
seed = -2336857932081932907   | random seed to reproduce generated values


]]></system-out>
  </testcase>
</testsuite>